----------------------------------------Start Request----------------------------------------
2020-07-16 09:49:42
Success :
Request-Url: http://qc.qcelltech.com:8080/ContentProvider/
Request-Params: {"MOID":"d757d46f-b470-45f5-b346-358c778f1f51","KeywordAccessID":"1","UserName":"Mega","Password":"megaMobile%402011","MsgBody":"Thank%2Byou%2Bfor%2Bregistering.","DNID":"ABC1234"}
Response-Header: {"Cache-Control":["private"],"Content-Type":["text\/vnd.wap.wml; charset=utf-8"],"Server":["Microsoft-IIS\/10.0"],"X-AspNet-Version":["2.0.50727"],"X-Powered-By":["ASP.NET"],"Date":["Thu, 16 Jul 2020 02:49:40 GMT"],"Content-Length":["2"]}
Response-Status: 200
Response-Contents: "OK"
----------------------------------------End Request----------------------------------------
----------------------------------------Start Request----------------------------------------
2020-07-16 09:58:01
Error :
Response-Headers: {"Content-Type":["text\/html"],"Server":["Microsoft-IIS\/10.0"],"X-Powered-By":["ASP.NET"],"Date":["Thu, 16 Jul 2020 02:57:59 GMT"],"Content-Length":["1245"]}
Response-Status: 404
Response-ReasonPhrase: "Not Found"
Response-Body: "<!DOCTYPE html PUBLIC \"-\/\/W3C\/\/DTD XHTML 1.0 Strict\/\/EN\" \"http:\/\/www.w3.org\/TR\/xhtml1\/DTD\/xhtml1-strict.dtd\">\r\n<html xmlns=\"http:\/\/www.w3.org\/1999\/xhtml\">\r\n<head>\r\n<meta http-equiv=\"Content-Type\" content=\"text\/html; charset=iso-8859-1\"\/>\r\n<title>404 - File or directory not found.<\/title>\r\n<style type=\"text\/css\">\r\n<!--\r\nbody{margin:0;font-size:.7em;font-family:Verdana, Arial, Helvetica, sans-serif;background:#EEEEEE;}\r\nfieldset{padding:0 15px 10px 15px;} \r\nh1{font-size:2.4em;margin:0;color:#FFF;}\r\nh2{font-size:1.7em;margin:0;color:#CC0000;} \r\nh3{font-size:1.2em;margin:10px 0 0 0;color:#000000;} \r\n#header{width:96%;margin:0 0 0 0;padding:6px 2% 6px 2%;font-family:\"trebuchet MS\", Verdana, sans-serif;color:#FFF;\r\nbackground-color:#555555;}\r\n#content{margin:0 0 0 2%;position:relative;}\r\n.content-container{background:#FFF;width:96%;margin-top:8px;padding:10px;position:relative;}\r\n-->\r\n<\/style>\r\n<\/head>\r\n<body>\r\n<div id=\"header\"><h1>Server Error<\/h1><\/div>\r\n<div id=\"content\">\r\n <div class=\"content-container\"><fieldset>\r\n  <h2>404 - File or directory not found.<\/h2>\r\n  <h3>The resource you are looking for might have been removed, had its name changed, or is temporarily unavailable.<\/h3>\r\n <\/fieldset><\/div>\r\n<\/div>\r\n<\/body>\r\n<\/html>\r\n"
Response-Message: Client error: `POST http://qc.qcelltech.com:8080/ContentProviderx/?MOID=d757d46f-b470-45f5-b346-358c778f1f51&KeywordAccessID=1&UserName=Mega&Password=megaMobile%25402011&MsgBody=Thank%252Byou%252Bfor%252Bregistering.&DNID=ABC1234` resulted in a `404 Not Found` response:
<!DOCTYPE html PUBLIC "-//W3C//DTD XHTML 1.0 Strict//EN" "http://www.w3.org/TR/xhtml1/DTD/xhtml1-strict.dtd">
<html xml (truncated...)

----------------------------------------End Request----------------------------------------
----------------------------------------Start Request----------------------------------------
2020-07-16 09:58:49
Success :
Request-Url: http://qc.qcelltech.com:8080/ContentProvider/
Request-Params: {"MOID":"d757d46f-b470-45f5-b346-358c778f1f51","KeywordAccessID":"1","UserName":"Mega","Password":"megaMobile%402011","MsgBody":"Thank%2Byou%2Bfor%2Bregistering.","DNID":"ABC1234"}
Response-Header: {"Cache-Control":["private"],"Content-Type":["text\/vnd.wap.wml; charset=utf-8"],"Server":["Microsoft-IIS\/10.0"],"X-AspNet-Version":["2.0.50727"],"X-Powered-By":["ASP.NET"],"Date":["Thu, 16 Jul 2020 02:58:47 GMT"],"Content-Length":["2"]}
Response-Status: 200
Response-Contents: "OK"
----------------------------------------End Request----------------------------------------
----------------------------------------Start Request----------------------------------------
2020-07-16 09:58:53
Success :
Request-Url: http://qc.qcelltech.com:8080/ContentProvider/
Request-Params: {"MOID":"d757d46f-b470-45f5-b346-358c778f1f51","KeywordAccessID":"1","UserName":"Mega","Password":"megaMobile%402011","MsgBody":"Thank%2Byou%2Bfor%2Bregistering.","DNID":"ABC1234"}
Response-Header: {"Cache-Control":["private"],"Content-Type":["text\/vnd.wap.wml; charset=utf-8"],"Server":["Microsoft-IIS\/10.0"],"X-AspNet-Version":["2.0.50727"],"X-Powered-By":["ASP.NET"],"Date":["Thu, 16 Jul 2020 02:58:51 GMT"],"Content-Length":["2"]}
Response-Status: 200
Response-Contents: "OK"
----------------------------------------End Request----------------------------------------
----------------------------------------Start Request----------------------------------------
2020-07-16 09:59:02
Error :
Response-Headers: {"Content-Type":["text\/html"],"Server":["Microsoft-IIS\/10.0"],"X-Powered-By":["ASP.NET"],"Date":["Thu, 16 Jul 2020 02:59:00 GMT"],"Content-Length":["1245"]}
Response-Status: 404
Response-ReasonPhrase: "Not Found"
Response-Body: "<!DOCTYPE html PUBLIC \"-\/\/W3C\/\/DTD XHTML 1.0 Strict\/\/EN\" \"http:\/\/www.w3.org\/TR\/xhtml1\/DTD\/xhtml1-strict.dtd\">\r\n<html xmlns=\"http:\/\/www.w3.org\/1999\/xhtml\">\r\n<head>\r\n<meta http-equiv=\"Content-Type\" content=\"text\/html; charset=iso-8859-1\"\/>\r\n<title>404 - File or directory not found.<\/title>\r\n<style type=\"text\/css\">\r\n<!--\r\nbody{margin:0;font-size:.7em;font-family:Verdana, Arial, Helvetica, sans-serif;background:#EEEEEE;}\r\nfieldset{padding:0 15px 10px 15px;} \r\nh1{font-size:2.4em;margin:0;color:#FFF;}\r\nh2{font-size:1.7em;margin:0;color:#CC0000;} \r\nh3{font-size:1.2em;margin:10px 0 0 0;color:#000000;} \r\n#header{width:96%;margin:0 0 0 0;padding:6px 2% 6px 2%;font-family:\"trebuchet MS\", Verdana, sans-serif;color:#FFF;\r\nbackground-color:#555555;}\r\n#content{margin:0 0 0 2%;position:relative;}\r\n.content-container{background:#FFF;width:96%;margin-top:8px;padding:10px;position:relative;}\r\n-->\r\n<\/style>\r\n<\/head>\r\n<body>\r\n<div id=\"header\"><h1>Server Error<\/h1><\/div>\r\n<div id=\"content\">\r\n <div class=\"content-container\"><fieldset>\r\n  <h2>404 - File or directory not found.<\/h2>\r\n  <h3>The resource you are looking for might have been removed, had its name changed, or is temporarily unavailable.<\/h3>\r\n <\/fieldset><\/div>\r\n<\/div>\r\n<\/body>\r\n<\/html>\r\n"
Response-Message: Client error: `POST http://qc.qcelltech.com:8080/ContentProviderx/?MOID=d757d46f-b470-45f5-b346-358c778f1f51&KeywordAccessID=1&UserName=Mega&Password=megaMobile%25402011&MsgBody=Thank%252Byou%252Bfor%252Bregistering.&DNID=ABC1234` resulted in a `404 Not Found` response:
<!DOCTYPE html PUBLIC "-//W3C//DTD XHTML 1.0 Strict//EN" "http://www.w3.org/TR/xhtml1/DTD/xhtml1-strict.dtd">
<html xml (truncated...)

----------------------------------------End Request----------------------------------------
----------------------------------------Start Request----------------------------------------
2020-07-16 09:59:03
Error :
Response-Headers: {"Content-Type":["text\/html"],"Server":["Microsoft-IIS\/10.0"],"X-Powered-By":["ASP.NET"],"Date":["Thu, 16 Jul 2020 02:59:01 GMT"],"Content-Length":["1245"]}
Response-Status: 404
Response-ReasonPhrase: "Not Found"
Response-Body: "<!DOCTYPE html PUBLIC \"-\/\/W3C\/\/DTD XHTML 1.0 Strict\/\/EN\" \"http:\/\/www.w3.org\/TR\/xhtml1\/DTD\/xhtml1-strict.dtd\">\r\n<html xmlns=\"http:\/\/www.w3.org\/1999\/xhtml\">\r\n<head>\r\n<meta http-equiv=\"Content-Type\" content=\"text\/html; charset=iso-8859-1\"\/>\r\n<title>404 - File or directory not found.<\/title>\r\n<style type=\"text\/css\">\r\n<!--\r\nbody{margin:0;font-size:.7em;font-family:Verdana, Arial, Helvetica, sans-serif;background:#EEEEEE;}\r\nfieldset{padding:0 15px 10px 15px;} \r\nh1{font-size:2.4em;margin:0;color:#FFF;}\r\nh2{font-size:1.7em;margin:0;color:#CC0000;} \r\nh3{font-size:1.2em;margin:10px 0 0 0;color:#000000;} \r\n#header{width:96%;margin:0 0 0 0;padding:6px 2% 6px 2%;font-family:\"trebuchet MS\", Verdana, sans-serif;color:#FFF;\r\nbackground-color:#555555;}\r\n#content{margin:0 0 0 2%;position:relative;}\r\n.content-container{background:#FFF;width:96%;margin-top:8px;padding:10px;position:relative;}\r\n-->\r\n<\/style>\r\n<\/head>\r\n<body>\r\n<div id=\"header\"><h1>Server Error<\/h1><\/div>\r\n<div id=\"content\">\r\n <div class=\"content-container\"><fieldset>\r\n  <h2>404 - File or directory not found.<\/h2>\r\n  <h3>The resource you are looking for might have been removed, had its name changed, or is temporarily unavailable.<\/h3>\r\n <\/fieldset><\/div>\r\n<\/div>\r\n<\/body>\r\n<\/html>\r\n"
Response-Message: Client error: `POST http://qc.qcelltech.com:8080/ContentProviderx/?MOID=d757d46f-b470-45f5-b346-358c778f1f51&KeywordAccessID=1&UserName=Mega&Password=megaMobile%25402011&MsgBody=Thank%252Byou%252Bfor%252Bregistering.&DNID=ABC1234` resulted in a `404 Not Found` response:
<!DOCTYPE html PUBLIC "-//W3C//DTD XHTML 1.0 Strict//EN" "http://www.w3.org/TR/xhtml1/DTD/xhtml1-strict.dtd">
<html xml (truncated...)

----------------------------------------End Request----------------------------------------
